<?xml version="1.0" encoding="UTF-8"?>
<testng-results ignored="0" total="2" passed="2" failed="0" skipped="0">
  <reporter-output>
  </reporter-output>
  <suite started-at="2023-09-17T15:29:27Z" name="Default suite" finished-at="2023-09-17T15:29:48Z" duration-ms="20862">
    <groups>
    </groups>
    <test started-at="2023-09-17T15:29:27Z" name="Default test" finished-at="2023-09-17T15:29:48Z" duration-ms="20862">
      <class name="utilityPractice.PayPal1">
        <test-method signature="getAccessToken()[pri:1, instance:utilityPractice.PayPal1@6bc407fd]" started-at="2023-09-17T15:29:27Z" name="getAccessToken" finished-at="2023-09-17T15:29:46Z" duration-ms="19473" status="PASS">
          <reporter-output>
          </reporter-output>
        </test-method> <!-- getAccessToken -->
        <test-method signature="createOrder()[pri:2, instance:utilityPractice.PayPal1@6bc407fd]" started-at="2023-09-17T15:29:46Z" name="createOrder" finished-at="2023-09-17T15:29:48Z" depends-on-methods="utilityPractice.PayPal1.getAccessToken" duration-ms="1368" status="PASS">
          <reporter-output>
          </reporter-output>
        </test-method> <!-- createOrder -->
      </class> <!-- utilityPractice.PayPal1 -->
    </test> <!-- Default test -->
  </suite> <!-- Default suite -->
</testng-results>
