<?xml version="1.0" encoding="UTF-8"?>
<testng-results ignored="0" total="6" passed="6" failed="0" skipped="0">
  <reporter-output>
  </reporter-output>
  <suite started-at="2023-09-12T12:16:19Z" name="Default suite" finished-at="2023-09-12T12:16:23Z" duration-ms="4123">
    <groups>
    </groups>
    <test started-at="2023-09-12T12:16:19Z" name="Default test" finished-at="2023-09-12T12:16:23Z" duration-ms="4123">
      <class name="testCases.CreateCustomerStripeAPI">
        <test-method is-config="true" signature="setup()[pri:0, instance:testCases.CreateCustomerStripeAPI@452e26d0]" started-at="2023-09-12T12:16:19Z" name="setup" finished-at="2023-09-12T12:16:19Z" duration-ms="422" status="PASS">
          <reporter-output>
          </reporter-output>
        </test-method> <!-- setup -->
        <test-method signature="cxCreationValidKey(java.util.Hashtable)[pri:1, instance:testCases.CreateCustomerStripeAPI@452e26d0]" started-at="2023-09-12T12:16:19Z" name="cxCreationValidKey" data-provider="getData" finished-at="2023-09-12T12:16:21Z" duration-ms="1744" status="PASS">
          <params>
            <param index="0">
              <value>
                <![CDATA[{email=test1@mailinator.com, name=testEngineer1, description=DescriptionTestEngineer1}]]>
              </value>
            </param>
          </params>
          <reporter-output>
          </reporter-output>
        </test-method> <!-- cxCreationValidKey -->
        <test-method signature="cxCreationValidKey(java.util.Hashtable)[pri:1, instance:testCases.CreateCustomerStripeAPI@452e26d0]" started-at="2023-09-12T12:16:21Z" name="cxCreationValidKey" data-provider="getData" finished-at="2023-09-12T12:16:22Z" duration-ms="809" status="PASS">
          <params>
            <param index="0">
              <value>
                <![CDATA[{email=test2@mailinator.com, name=testEngineer2, description=DescriptionTestEngineer2}]]>
              </value>
            </param>
          </params>
          <reporter-output>
          </reporter-output>
        </test-method> <!-- cxCreationValidKey -->
        <test-method signature="cxCreationValidKey(java.util.Hashtable)[pri:1, instance:testCases.CreateCustomerStripeAPI@452e26d0]" started-at="2023-09-12T12:16:22Z" name="cxCreationValidKey" data-provider="getData" finished-at="2023-09-12T12:16:22Z" duration-ms="656" status="PASS">
          <params>
            <param index="0">
              <value>
                <![CDATA[{email=test3@mailinator.com, name=testEngineer3, description=DescriptionTestEngineer3}]]>
              </value>
            </param>
          </params>
          <reporter-output>
          </reporter-output>
        </test-method> <!-- cxCreationValidKey -->
        <test-method signature="cxCreationInvalidKey(java.util.Hashtable)[pri:2, instance:testCases.CreateCustomerStripeAPI@452e26d0]" started-at="2023-09-12T12:16:22Z" name="cxCreationInvalidKey" data-provider="getData" finished-at="2023-09-12T12:16:23Z" duration-ms="285" status="PASS">
          <params>
            <param index="0">
              <value>
                <![CDATA[{email=test1@mailinator.com, name=testEngineer1, description=Invalid-DescriptionTestEngineer1}]]>
              </value>
            </param>
          </params>
          <reporter-output>
          </reporter-output>
        </test-method> <!-- cxCreationInvalidKey -->
        <test-method signature="cxCreationInvalidKey(java.util.Hashtable)[pri:2, instance:testCases.CreateCustomerStripeAPI@452e26d0]" started-at="2023-09-12T12:16:23Z" name="cxCreationInvalidKey" data-provider="getData" finished-at="2023-09-12T12:16:23Z" duration-ms="281" status="PASS">
          <params>
            <param index="0">
              <value>
                <![CDATA[{email=test2@mailinator.com, name=testEngineer2, description=Invalid-DescriptionTestEngineer2}]]>
              </value>
            </param>
          </params>
          <reporter-output>
          </reporter-output>
        </test-method> <!-- cxCreationInvalidKey -->
        <test-method signature="cxCreationInvalidKey(java.util.Hashtable)[pri:2, instance:testCases.CreateCustomerStripeAPI@452e26d0]" started-at="2023-09-12T12:16:23Z" name="cxCreationInvalidKey" data-provider="getData" finished-at="2023-09-12T12:16:23Z" duration-ms="301" status="PASS">
          <params>
            <param index="0">
              <value>
                <![CDATA[{email=test3@mailinator.com, name=testEngineer3, description=Invalid-DescriptionTestEngineer3}]]>
              </value>
            </param>
          </params>
          <reporter-output>
          </reporter-output>
        </test-method> <!-- cxCreationInvalidKey -->
      </class> <!-- testCases.CreateCustomerStripeAPI -->
    </test> <!-- Default test -->
  </suite> <!-- Default suite -->
</testng-results>
