<?xml version="1.0" encoding="UTF-8"?>
<testng-results ignored="0" total="2" passed="2" failed="0" skipped="0">
  <reporter-output>
  </reporter-output>
  <suite started-at="2023-11-08T20:01:56 IST" name="Default suite" finished-at="2023-11-08T20:02:05 IST" duration-ms="9159">
    <groups>
    </groups>
    <test started-at="2023-11-08T20:01:56 IST" name="Default test" finished-at="2023-11-08T20:02:05 IST" duration-ms="9159">
      <class name="restAssured.RestCountriesGETApi">
        <test-method signature="getRequest()[pri:0, instance:restAssured.RestCountriesGETApi@2e8c1c9b]" started-at="2023-11-08T20:01:56 IST" name="getRequest" finished-at="2023-11-08T20:02:01 IST" duration-ms="5019" status="PASS">
          <reporter-output>
          </reporter-output>
        </test-method> <!-- getRequest -->
        <test-method signature="getRequest2()[pri:0, instance:restAssured.RestCountriesGETApi@2e8c1c9b]" started-at="2023-11-08T20:02:01 IST" name="getRequest2" finished-at="2023-11-08T20:02:05 IST" duration-ms="4081" status="PASS">
          <reporter-output>
          </reporter-output>
        </test-method> <!-- getRequest2 -->
      </class> <!-- restAssured.RestCountriesGETApi -->
    </test> <!-- Default test -->
  </suite> <!-- Default suite -->
</testng-results>
