<?xml version="1.0" encoding="UTF-8"?>
<testng-results ignored="0" total="1" passed="1" failed="0" skipped="0">
  <reporter-output>
  </reporter-output>
  <suite started-at="2023-08-28T16:16:39 IST" name="Default suite" finished-at="2023-08-28T16:16:43 IST" duration-ms="3470">
    <groups>
    </groups>
    <test started-at="2023-08-28T16:16:39 IST" name="Default test" finished-at="2023-08-28T16:16:43 IST" duration-ms="3470">
      <class name="restAssured.SendGetReq">
        <test-method signature="getReq()[pri:0, instance:restAssured.SendGetReq@6574a52c]" started-at="2023-08-28T16:16:39 IST" name="getReq" finished-at="2023-08-28T16:16:43 IST" duration-ms="3426" status="PASS">
          <reporter-output>
          </reporter-output>
        </test-method> <!-- getReq -->
      </class> <!-- restAssured.SendGetReq -->
    </test> <!-- Default test -->
  </suite> <!-- Default suite -->
</testng-results>
