<?xml version="1.0" encoding="UTF-8"?>
<!-- Generated by org.testng.reporters.JUnitXMLReporter -->
<testsuite ignored="0" hostname="IBM-PG02TZZN" failures="0" tests="9" name="Default test" time="7.556" errors="0" timestamp="08 Sep 2023 07:59:13 GMT">
  <testcase classname="testCases.CreateCustomerStripeAPI" name="createCustomerWithValidKey" time="1.695"/>
  <testcase classname="testCases.CreateCustomerStripeAPI" name="createCustomerWithValidKey" time="0.602"/>
  <testcase classname="testCases.CreateCustomerStripeAPI" name="createCustomerWithValidKey" time="0.992"/>
  <testcase classname="testCases.CreateCustomerStripeAPI" name="createCustomerWithValidKey" time="0.833"/>
  <testcase classname="testCases.CreateCustomerStripeAPI" name="createCustomerWithValidKey" time="0.853"/>
  <testcase classname="testCases.CreateCustomerStripeAPI" name="createCustomerWithValidKey" time="0.639"/>
  <testcase classname="testCases.CreateCustomerStripeAPI" name="createCustomerWithValidKey" time="0.592"/>
  <testcase classname="testCases.CreateCustomerStripeAPI" name="createCustomerWithValidKey" time="0.688"/>
  <testcase classname="testCases.CreateCustomerStripeAPI" name="createCustomerWithValidKey" time="0.635"/>
</testsuite> <!-- Default test -->
