<?xml version="1.0" encoding="UTF-8"?>
<testng-results ignored="0" total="2" passed="2" failed="0" skipped="0">
  <reporter-output>
  </reporter-output>
  <suite started-at="2024-01-08T20:43:04 IST" name="Default suite" finished-at="2024-01-08T20:43:06 IST" duration-ms="1161">
    <groups>
      <group name="cucumber">
        <method signature="AbstractTestNGCucumberTests.runScenario(io.cucumber.testng.PickleWrapper,io.cucumber.testng.FeatureWrapper)[pri:0, instance:runner.CucumberCukes@783a467b]" name="runScenario" class="io.cucumber.testng.AbstractTestNGCucumberTests"/>
      </group> <!-- cucumber -->
    </groups>
    <test started-at="2024-01-08T20:43:04 IST" name="Default test" finished-at="2024-01-08T20:43:06 IST" duration-ms="1161">
      <class name="runner.CucumberCukes">
        <test-method is-config="true" signature="setUpClass(org.testng.ITestContext)[pri:0, instance:runner.CucumberCukes@783a467b]" started-at="2024-01-08T20:43:04 IST" name="setUpClass" finished-at="2024-01-08T20:43:05 IST" duration-ms="660" status="PASS">
          <params>
            <param index="0">
              <value>
                <![CDATA[org.testng.TestRunner@17f2dd85]]>
              </value>
            </param>
          </params>
          <reporter-output>
          </reporter-output>
        </test-method> <!-- setUpClass -->
        <test-method signature="runScenario(io.cucumber.testng.PickleWrapper,io.cucumber.testng.FeatureWrapper)[pri:0, instance:runner.CucumberCukes@783a467b]" started-at="2024-01-08T20:43:05 IST" name="runScenario" description="Runs Cucumber Scenarios" data-provider="scenarios" finished-at="2024-01-08T20:43:05 IST" duration-ms="152" status="PASS">
          <params>
            <param index="0">
              <value>
                <![CDATA["Login into facebook account using invalid username and password"]]>
              </value>
            </param>
            <param index="1">
              <value>
                <![CDATA["Login into facebook"]]>
              </value>
            </param>
          </params>
          <reporter-output>
          </reporter-output>
        </test-method> <!-- runScenario -->
        <test-method signature="runScenario(io.cucumber.testng.PickleWrapper,io.cucumber.testng.FeatureWrapper)[pri:0, instance:runner.CucumberCukes@783a467b]" started-at="2024-01-08T20:43:05 IST" name="runScenario" description="Runs Cucumber Scenarios" data-provider="scenarios" finished-at="2024-01-08T20:43:05 IST" duration-ms="24" status="PASS">
          <params>
            <param index="0">
              <value>
                <![CDATA["Login into facebook account using invalid username and valid password"]]>
              </value>
            </param>
            <param index="1">
              <value>
                <![CDATA["Login into facebook"]]>
              </value>
            </param>
          </params>
          <reporter-output>
          </reporter-output>
        </test-method> <!-- runScenario -->
        <test-method is-config="true" signature="tearDownClass()[pri:0, instance:runner.CucumberCukes@783a467b]" started-at="2024-01-08T20:43:05 IST" name="tearDownClass" finished-at="2024-01-08T20:43:06 IST" duration-ms="298" status="PASS">
          <reporter-output>
          </reporter-output>
        </test-method> <!-- tearDownClass -->
      </class> <!-- runner.CucumberCukes -->
    </test> <!-- Default test -->
  </suite> <!-- Default suite -->
</testng-results>
