<?xml version="1.0" encoding="UTF-8"?>
<!-- Generated by org.testng.reporters.JUnitXMLReporter -->
<testsuite ignored="2" hostname="IBM-PG02TZZN" failures="2" tests="16" name="Create a customer" time="5.001" errors="0" timestamp="14 Sep 2023 11:47:52 GMT">
  <testcase classname="testCases.CreateCustomerStripeAPIbasic" name="cxCreationValidKey" time="1.603">
    <failure type="java.lang.AssertionError" message="expected [200] but found [400]">
      <![CDATA[java.lang.AssertionError: expected [200] but found [400]
at testCases.CreateCustomerStripeAPIbasic.cxCreationValidKey(CreateCustomerStripeAPIbasic.java:21)
at java.base/java.util.concurrent.FutureTask.run(FutureTask.java:264)
at java.base/java.util.concurrent.ThreadPoolExecutor.runWorker(ThreadPoolExecutor.java:1136)
at java.base/java.util.concurrent.ThreadPoolExecutor$Worker.run(ThreadPoolExecutor.java:635)
at java.base/java.lang.Thread.run(Thread.java:833)
... Removed 22 stack frames]]>
    </failure>
  </testcase> <!-- cxCreationValidKey -->
  <testcase classname="testCases.CreateCustomerStripeAPIbasic" name="cxCreationValidKey" time="0.594">
    <failure type="java.lang.AssertionError" message="expected [200] but found [400]">
      <![CDATA[java.lang.AssertionError: expected [200] but found [400]
at testCases.CreateCustomerStripeAPIbasic.cxCreationValidKey(CreateCustomerStripeAPIbasic.java:21)
at java.base/java.util.concurrent.FutureTask.run(FutureTask.java:264)
at java.base/java.util.concurrent.ThreadPoolExecutor.runWorker(ThreadPoolExecutor.java:1136)
at java.base/java.util.concurrent.ThreadPoolExecutor$Worker.run(ThreadPoolExecutor.java:635)
at java.base/java.lang.Thread.run(Thread.java:833)
... Removed 22 stack frames]]>
    </failure>
  </testcase> <!-- cxCreationValidKey -->
  <testcase classname="testCases.CreateCustomerStripeAPI2" name="cxCreationValidKey" time="1.151"/>
  <testcase classname="testCases.CreateCustomerStripeAPI2" name="cxCreationValidKey" time="1.153"/>
  <testcase classname="testCases.CreateCustomerStripeAPI2" name="cxCreationValidKey" time="1.153"/>
  <testcase classname="testCases.CreateCustomerStripeAPI" name="cxCreationValidKey" time="0.498"/>
  <testcase classname="testCases.CreateCustomerStripeAPI" name="cxCreationValidKey" time="0.506"/>
  <testcase classname="testCases.CreateCustomerStripeAPI" name="cxCreationValidKey" time="0.506"/>
  <testcase classname="testCases.CreateCustomerStripeAPIbasic" name="cxCreationInvalidKey" time="0.262"/>
  <testcase classname="testCases.CreateCustomerStripeAPIbasic" name="cxCreationInvalidKey" time="0.27"/>
  <testcase classname="testCases.CreateCustomerStripeAPI2" name="cxCreationInvalidKey" time="0.276"/>
  <testcase classname="testCases.CreateCustomerStripeAPI2" name="cxCreationInvalidKey" time="0.278"/>
  <testcase classname="testCases.CreateCustomerStripeAPI2" name="cxCreationInvalidKey" time="0.286"/>
  <testcase classname="testCases.CreateCustomerStripeAPI" name="cxCreationInvalidKey" time="0.258"/>
  <testcase classname="testCases.CreateCustomerStripeAPI" name="cxCreationInvalidKey" time="0.268"/>
  <testcase classname="testCases.CreateCustomerStripeAPI" name="cxCreationInvalidKey" time="0.274"/>
  <testcase classname="baseClass.BaseTest" name="@BeforeSuite setup" time="0.0">
    <ignored/>
  </testcase> <!-- @BeforeSuite setup -->
  <testcase classname="baseClass.BaseTest" name="@BeforeSuite setup" time="0.0">
    <ignored/>
  </testcase> <!-- @BeforeSuite setup -->
</testsuite> <!-- Create a customer -->
