<?xml version="1.0" encoding="UTF-8"?>
<!-- Generated by org.testng.reporters.JUnitXMLReporter -->
<testsuite ignored="0" hostname="IBM-PG02TZZN" failures="1" tests="1" name="Delete a customer" time="1.486" errors="0" timestamp="14 Sep 2023 11:38:43 GMT">
  <testcase classname="testCases.DeleteCustomer" name="deleteCustomer" time="1.458">
    <failure type="org.json.JSONException" message="JSONObject[&amp;quot;id&amp;quot;] not found.">
      <![CDATA[org.json.JSONException: JSONObject["id"] not found.
at org.json.JSONObject.get(JSONObject.java:573)
at utilities.TestUtil.getKey(TestUtil.java:20)
at testCases.DeleteCustomer.deleteCustomer(DeleteCustomer.java:29)
at java.base/java.util.concurrent.FutureTask.run(FutureTask.java:264)
at java.base/java.util.concurrent.Executors$RunnableAdapter.call(Executors.java:539)
at java.base/java.util.concurrent.FutureTask.run(FutureTask.java:264)
at java.base/java.util.concurrent.ThreadPoolExecutor.runWorker(ThreadPoolExecutor.java:1136)
at java.base/java.util.concurrent.ThreadPoolExecutor$Worker.run(ThreadPoolExecutor.java:635)
at java.base/java.lang.Thread.run(Thread.java:833)
... Removed 9 stack frames]]>
    </failure>
  </testcase> <!-- deleteCustomer -->
</testsuite> <!-- Delete a customer -->
