<?xml version="1.0" encoding="UTF-8"?>
<!-- Generated by org.testng.reporters.JUnitXMLReporter -->
<testsuite ignored="1" hostname="IBM-PG02TZZN" failures="0" tests="2" name="Test" time="8.639" errors="0" timestamp="05 Oct 2023 17:51:47 GMT">
  <testcase classname="testCases.paypal.CreateOrderTest" name="createOrder" time="5.933"/>
  <testcase classname="testCases.paypal.GetOrderTest" name="getOrder" time="2.692"/>
  <testcase classname="baseClass.BaseTest" name="@BeforeSuite setup" time="0.0">
    <ignored/>
  </testcase> <!-- @BeforeSuite setup -->
</testsuite> <!-- Test -->
