<?xml version="1.0" encoding="UTF-8"?>
<testng-results ignored="0" total="2" passed="2" failed="0" skipped="0">
  <reporter-output>
  </reporter-output>
  <suite started-at="2023-09-12T11:58:06Z" name="Default suite" finished-at="2023-09-12T11:58:06Z" duration-ms="434">
    <groups>
    </groups>
    <test started-at="2023-09-12T11:58:06Z" name="Default test" finished-at="2023-09-12T11:58:06Z" duration-ms="434">
      <class name="rough.TestParameterization">
        <test-method signature="testData(java.util.Hashtable)[pri:0, instance:rough.TestParameterization@d771cc9]" started-at="2023-09-12T11:58:06Z" name="testData" data-provider="getData" finished-at="2023-09-12T11:58:06Z" duration-ms="7" status="PASS">
          <params>
            <param index="0">
              <value>
                <![CDATA[{postcode=562157.0, lastname=Naik, runmode=Y, firstname=Sagar}]]>
              </value>
            </param>
          </params>
          <reporter-output>
          </reporter-output>
        </test-method> <!-- testData -->
        <test-method signature="testData(java.util.Hashtable)[pri:0, instance:rough.TestParameterization@d771cc9]" started-at="2023-09-12T11:58:06Z" name="testData" data-provider="getData" finished-at="2023-09-12T11:58:06Z" duration-ms="1" status="PASS">
          <params>
            <param index="0">
              <value>
                <![CDATA[{postcode=562157.0, lastname=Naik, runmode=N, firstname=Chinmayee}]]>
              </value>
            </param>
          </params>
          <reporter-output>
          </reporter-output>
        </test-method> <!-- testData -->
      </class> <!-- rough.TestParameterization -->
    </test> <!-- Default test -->
  </suite> <!-- Default suite -->
</testng-results>
